  Battletech.cpp
C:\Users\ssami\source\repos\BattleTechgame\BattletechGame\BattletechGame\Battletech.cpp(6,10): warning C4067: unexpected tokens following preprocessor directive - expected a newline
C:\Users\ssami\source\repos\BattleTechgame\BattletechGame\BattletechGame\Map.h(2,10): warning C4067: unexpected tokens following preprocessor directive - expected a newline
  (compiling source file 'Battletech.cpp')
  
C:\Users\ssami\source\repos\BattleTechgame\BattletechGame\BattletechGame\Battletech.cpp(7,10): warning C4067: unexpected tokens following preprocessor directive - expected a newline
C:\Users\ssami\source\repos\BattleTechgame\BattletechGame\BattletechGame\Battletech.cpp(92,51): warning C4267: 'argument': conversion from 'size_t' to 'int', possible loss of data
C:\Users\ssami\source\repos\BattleTechgame\BattletechGame\BattletechGame\Battletech.cpp(151,42): warning C4267: 'argument': conversion from 'size_t' to 'int', possible loss of data
C:\Users\ssami\source\repos\BattleTechgame\BattletechGame\BattletechGame\Battletech.cpp(209,13): warning C4101: 'x': unreferenced local variable
  Hex.cpp
C:\Users\ssami\source\repos\BattleTechgame\BattletechGame\BattletechGame\Hex.cpp(5,14): error C2280: 'Hex &Hex::operator =(const Hex &)': attempting to reference a deleted function
      C:\Users\ssami\source\repos\BattleTechgame\BattletechGame\BattletechGame\Hex.h(71,1):
      compiler has generated 'Hex::operator =' here
      C:\Users\ssami\source\repos\BattleTechgame\BattletechGame\BattletechGame\Hex.h(71,1):
      'Hex &Hex::operator =(const Hex &)': function was implicitly deleted because 'Hex' has a data member 'Hex::mech' of reference type
      C:\Users\ssami\source\repos\BattleTechgame\BattletechGame\BattletechGame\Hex.h(11,8):
      see declaration of 'Hex::mech'
  
  Map.cpp
C:\Users\ssami\source\repos\BattleTechgame\BattletechGame\BattletechGame\Map.cpp(4,10): warning C4067: unexpected tokens following preprocessor directive - expected a newline
C:\Users\ssami\source\repos\BattleTechgame\BattletechGame\BattletechGame\Map.h(2,10): warning C4067: unexpected tokens following preprocessor directive - expected a newline
  (compiling source file 'Map.cpp')
  
  Mech.cpp
  Player.cpp
  TIle.cpp
  Generating Code...
